<?xml version="1.0" encoding="UTF-8"?>
<!-- Generated by org.testng.reporters.JUnitXMLReporter -->
<testsuite hostname="LAPTOP-BJTB8PP0" ignored="3" name="Default test" tests="1" failures="0" timestamp="01 Sep 2021 14:25:09 GMT" time="68.374" errors="0">
  <testcase name="selectcontactTest" time="0.382" classname="com.crm.qa.testcases.ContactsPageTest"/>
  <testcase name="createnewcontactTest" time="0.0" classname="com.crm.qa.testcases.ContactsPageTest">
    <ignored/>
  </testcase> <!-- createnewcontactTest -->
  <testcase name="selectmultiplecontactsTest" time="0.0" classname="com.crm.qa.testcases.ContactsPageTest">
    <ignored/>
  </testcase> <!-- selectmultiplecontactsTest -->
  <testcase name="ContactsLabelTest" time="0.0" classname="com.crm.qa.testcases.ContactsPageTest">
    <ignored/>
  </testcase> <!-- ContactsLabelTest -->
</testsuite> <!-- Default test -->
