<?xml version="1.0" encoding="UTF-8"?>
<!-- Generated by org.testng.reporters.JUnitXMLReporter -->
<testsuite hostname="LAPTOP-BJTB8PP0" ignored="2" name="Default test" tests="1" failures="0" timestamp="03 Sep 2021 06:31:53 GMT" time="76.726" errors="0">
  <testcase name="ContactsLabelTest" time="0.286" classname="com.crm.qa.testcases.ContactsPageTest"/>
  <testcase name="selectcontactTest" time="0.0" classname="com.crm.qa.testcases.ContactsPageTest">
    <ignored/>
  </testcase> <!-- selectcontactTest -->
  <testcase name="selectmultiplecontactsTest" time="0.0" classname="com.crm.qa.testcases.ContactsPageTest">
    <ignored/>
  </testcase> <!-- selectmultiplecontactsTest -->
</testsuite> <!-- Default test -->
