<?xml version="1.0" encoding="UTF-8"?>
<testng-results ignored="0" total="12" passed="11" failed="1" skipped="0">
  <reporter-output>
  </reporter-output>
  <suite started-at="2021-09-01T10:25:00Z" name="Command line suite" finished-at="2021-09-01T10:29:37Z" duration-ms="276696">
    <groups>
    </groups>
    <test started-at="2021-09-01T10:25:00Z" name="Command line test" finished-at="2021-09-01T10:29:37Z" duration-ms="276696">
      <class name="com.crm.qa.testcases.HomePageTest">
        <test-method is-config="true" signature="setup()[pri:0, instance:com.crm.qa.testcases.HomePageTest@2c039ac6]" started-at="2021-09-01T15:56:05Z" name="setup" finished-at="2021-09-01T15:56:26Z" duration-ms="21678" status="PASS">
          <reporter-output>
          </reporter-output>
        </test-method> <!-- setup -->
        <test-method signature="homepagetitletest()[pri:1, instance:com.crm.qa.testcases.HomePageTest@2c039ac6]" started-at="2021-09-01T15:56:26Z" name="homepagetitletest" finished-at="2021-09-01T15:56:26Z" duration-ms="15" status="PASS">
          <reporter-output>
          </reporter-output>
        </test-method> <!-- homepagetitletest -->
        <test-method is-config="true" signature="closebrowser()[pri:0, instance:com.crm.qa.testcases.HomePageTest@2c039ac6]" started-at="2021-09-01T15:56:26Z" name="closebrowser" finished-at="2021-09-01T15:56:27Z" duration-ms="796" status="PASS">
          <reporter-output>
          </reporter-output>
        </test-method> <!-- closebrowser -->
        <test-method is-config="true" signature="setup()[pri:0, instance:com.crm.qa.testcases.HomePageTest@2c039ac6]" started-at="2021-09-01T15:56:58Z" name="setup" finished-at="2021-09-01T15:57:14Z" duration-ms="16121" status="PASS">
          <reporter-output>
          </reporter-output>
        </test-method> <!-- setup -->
        <test-method signature="loggedinusertest()[pri:2, instance:com.crm.qa.testcases.HomePageTest@2c039ac6]" started-at="2021-09-01T15:57:14Z" name="loggedinusertest" finished-at="2021-09-01T15:57:14Z" duration-ms="148" status="PASS">
          <reporter-output>
          </reporter-output>
        </test-method> <!-- loggedinusertest -->
        <test-method is-config="true" signature="closebrowser()[pri:0, instance:com.crm.qa.testcases.HomePageTest@2c039ac6]" started-at="2021-09-01T15:57:14Z" name="closebrowser" finished-at="2021-09-01T15:57:15Z" duration-ms="829" status="PASS">
          <reporter-output>
          </reporter-output>
        </test-method> <!-- closebrowser -->
        <test-method is-config="true" signature="setup()[pri:0, instance:com.crm.qa.testcases.HomePageTest@2c039ac6]" started-at="2021-09-01T15:57:46Z" name="setup" finished-at="2021-09-01T15:58:01Z" duration-ms="14464" status="PASS">
          <reporter-output>
          </reporter-output>
        </test-method> <!-- setup -->
        <test-method signature="ClickOnContactstest()[pri:3, instance:com.crm.qa.testcases.HomePageTest@2c039ac6]" started-at="2021-09-01T15:58:01Z" name="ClickOnContactstest" finished-at="2021-09-01T15:58:02Z" duration-ms="1456" status="PASS">
          <reporter-output>
          </reporter-output>
        </test-method> <!-- ClickOnContactstest -->
        <test-method is-config="true" signature="closebrowser()[pri:0, instance:com.crm.qa.testcases.HomePageTest@2c039ac6]" started-at="2021-09-01T15:58:02Z" name="closebrowser" finished-at="2021-09-01T15:58:03Z" duration-ms="746" status="PASS">
          <reporter-output>
          </reporter-output>
        </test-method> <!-- closebrowser -->
        <test-method is-config="true" signature="setup()[pri:0, instance:com.crm.qa.testcases.HomePageTest@2c039ac6]" started-at="2021-09-01T15:58:50Z" name="setup" finished-at="2021-09-01T15:59:14Z" duration-ms="23668" status="PASS">
          <reporter-output>
          </reporter-output>
        </test-method> <!-- setup -->
        <test-method signature="ClickonDealstest()[pri:4, instance:com.crm.qa.testcases.HomePageTest@2c039ac6]" started-at="2021-09-01T15:59:14Z" name="ClickonDealstest" finished-at="2021-09-01T15:59:16Z" duration-ms="1600" status="PASS">
          <reporter-output>
          </reporter-output>
        </test-method> <!-- ClickonDealstest -->
        <test-method is-config="true" signature="closebrowser()[pri:0, instance:com.crm.qa.testcases.HomePageTest@2c039ac6]" started-at="2021-09-01T15:59:16Z" name="closebrowser" finished-at="2021-09-01T15:59:16Z" duration-ms="812" status="PASS">
          <reporter-output>
          </reporter-output>
        </test-method> <!-- closebrowser -->
        <test-method is-config="true" signature="setup()[pri:0, instance:com.crm.qa.testcases.HomePageTest@2c039ac6]" started-at="2021-09-01T15:59:16Z" name="setup" finished-at="2021-09-01T15:59:34Z" duration-ms="17722" status="PASS">
          <reporter-output>
          </reporter-output>
        </test-method> <!-- setup -->
        <test-method signature="ClickonTaskstest()[pri:5, instance:com.crm.qa.testcases.HomePageTest@2c039ac6]" started-at="2021-09-01T15:59:34Z" name="ClickonTaskstest" finished-at="2021-09-01T15:59:36Z" duration-ms="1797" status="PASS">
          <reporter-output>
          </reporter-output>
        </test-method> <!-- ClickonTaskstest -->
        <test-method is-config="true" signature="closebrowser()[pri:0, instance:com.crm.qa.testcases.HomePageTest@2c039ac6]" started-at="2021-09-01T15:59:36Z" name="closebrowser" finished-at="2021-09-01T15:59:37Z" duration-ms="1017" status="PASS">
          <reporter-output>
          </reporter-output>
        </test-method> <!-- closebrowser -->
      </class> <!-- com.crm.qa.testcases.HomePageTest -->
      <class name="com.crm.qa.testcases.ContactsPageTest">
        <test-method is-config="true" signature="setup()[pri:0, instance:com.crm.qa.testcases.ContactsPageTest@9a7504c]" started-at="2021-09-01T15:55:00Z" name="setup" finished-at="2021-09-01T15:56:02Z" duration-ms="61978" status="PASS">
          <reporter-output>
          </reporter-output>
        </test-method> <!-- setup -->
        <test-method signature="ContactsLabelTest()[pri:1, instance:com.crm.qa.testcases.ContactsPageTest@9a7504c]" started-at="2021-09-01T15:56:02Z" name="ContactsLabelTest" finished-at="2021-09-01T15:56:02Z" duration-ms="198" status="PASS">
          <reporter-output>
          </reporter-output>
        </test-method> <!-- ContactsLabelTest -->
        <test-method is-config="true" signature="closebrowser()[pri:0, instance:com.crm.qa.testcases.ContactsPageTest@9a7504c]" started-at="2021-09-01T15:56:02Z" name="closebrowser" finished-at="2021-09-01T15:56:05Z" duration-ms="2235" status="PASS">
          <reporter-output>
          </reporter-output>
        </test-method> <!-- closebrowser -->
        <test-method is-config="true" signature="setup()[pri:0, instance:com.crm.qa.testcases.ContactsPageTest@9a7504c]" started-at="2021-09-01T15:56:39Z" name="setup" finished-at="2021-09-01T15:56:57Z" duration-ms="17971" status="PASS">
          <reporter-output>
          </reporter-output>
        </test-method> <!-- setup -->
        <test-method signature="selectcontactTest()[pri:2, instance:com.crm.qa.testcases.ContactsPageTest@9a7504c]" started-at="2021-09-01T15:56:57Z" name="selectcontactTest" finished-at="2021-09-01T15:56:57Z" duration-ms="117" status="PASS">
          <reporter-output>
          </reporter-output>
        </test-method> <!-- selectcontactTest -->
        <test-method is-config="true" signature="closebrowser()[pri:0, instance:com.crm.qa.testcases.ContactsPageTest@9a7504c]" started-at="2021-09-01T15:56:57Z" name="closebrowser" finished-at="2021-09-01T15:56:58Z" duration-ms="964" status="PASS">
          <reporter-output>
          </reporter-output>
        </test-method> <!-- closebrowser -->
        <test-method is-config="true" signature="setup()[pri:0, instance:com.crm.qa.testcases.ContactsPageTest@9a7504c]" started-at="2021-09-01T15:57:24Z" name="setup" finished-at="2021-09-01T15:57:45Z" duration-ms="21222" status="PASS">
          <reporter-output>
          </reporter-output>
        </test-method> <!-- setup -->
        <test-method signature="selectmultiplecontactsTest()[pri:3, instance:com.crm.qa.testcases.ContactsPageTest@9a7504c]" started-at="2021-09-01T15:57:45Z" name="selectmultiplecontactsTest" finished-at="2021-09-01T15:57:46Z" duration-ms="321" status="PASS">
          <reporter-output>
          </reporter-output>
        </test-method> <!-- selectmultiplecontactsTest -->
        <test-method is-config="true" signature="closebrowser()[pri:0, instance:com.crm.qa.testcases.ContactsPageTest@9a7504c]" started-at="2021-09-01T15:57:46Z" name="closebrowser" finished-at="2021-09-01T15:57:46Z" duration-ms="787" status="PASS">
          <reporter-output>
          </reporter-output>
        </test-method> <!-- closebrowser -->
        <test-method is-config="true" signature="setup()[pri:0, instance:com.crm.qa.testcases.ContactsPageTest@9a7504c]" started-at="2021-09-01T15:58:20Z" name="setup" finished-at="2021-09-01T15:58:39Z" duration-ms="19122" status="PASS">
          <reporter-output>
          </reporter-output>
        </test-method> <!-- setup -->
        <test-method signature="createnewcontactTest()[pri:4, instance:com.crm.qa.testcases.ContactsPageTest@9a7504c]" started-at="2021-09-01T15:58:39Z" name="createnewcontactTest" finished-at="2021-09-01T15:58:49Z" duration-ms="10566" status="FAIL">
          <exception class="org.openqa.selenium.ElementNotInteractableException">
            <message>
              <![CDATA[element not interactable
  (Session info: chrome=92.0.4515.159)
Build info: version: '3.10.0', revision: '176b4a9', time: '2018-03-02T19:03:16.397Z'
System info: host: 'LAPTOP-BJTB8PP0', ip: '192.168.56.1', os.name: 'Windows 10', os.arch: 'amd64', os.version: '10.0', java.version: '15.0.2'
Driver info: org.openqa.selenium.chrome.ChromeDriver
Capabilities {acceptInsecureCerts: false, browserName: chrome, browserVersion: 92.0.4515.159, chrome: {chromedriverVersion: 92.0.4515.43 (8c61b7e2989f2..., userDataDir: C:\Users\vamsi\AppData\Loca...}, goog:chromeOptions: {debuggerAddress: localhost:58874}, javascriptEnabled: true, networkConnectionEnabled: false, pageLoadStrategy: normal, platform: WINDOWS, platformName: WINDOWS, proxy: Proxy(), setWindowRect: true, strictFileInteractability: false, timeouts: {implicit: 0, pageLoad: 300000, script: 30000}, unhandledPromptBehavior: dismiss and notify, webauthn:extension:credBlob: true, webauthn:extension:largeBlob: true, webauthn:virtualAuthenticators: true}
Session ID: 61cb6d16dc2fb35c23d01ac295c8b51f]]>
            </message>
            <full-stacktrace>
              <![CDATA[org.openqa.selenium.ElementNotInteractableException: element not interactable
  (Session info: chrome=92.0.4515.159)
Build info: version: '3.10.0', revision: '176b4a9', time: '2018-03-02T19:03:16.397Z'
System info: host: 'LAPTOP-BJTB8PP0', ip: '192.168.56.1', os.name: 'Windows 10', os.arch: 'amd64', os.version: '10.0', java.version: '15.0.2'
Driver info: org.openqa.selenium.chrome.ChromeDriver
Capabilities {acceptInsecureCerts: false, browserName: chrome, browserVersion: 92.0.4515.159, chrome: {chromedriverVersion: 92.0.4515.43 (8c61b7e2989f2..., userDataDir: C:\Users\vamsi\AppData\Loca...}, goog:chromeOptions: {debuggerAddress: localhost:58874}, javascriptEnabled: true, networkConnectionEnabled: false, pageLoadStrategy: normal, platform: WINDOWS, platformName: WINDOWS, proxy: Proxy(), setWindowRect: true, strictFileInteractability: false, timeouts: {implicit: 0, pageLoad: 300000, script: 30000}, unhandledPromptBehavior: dismiss and notify, webauthn:extension:credBlob: true, webauthn:extension:largeBlob: true, webauthn:virtualAuthenticators: true}
Session ID: 61cb6d16dc2fb35c23d01ac295c8b51f
	at java.base/jdk.internal.reflect.NativeConstructorAccessorImpl.newInstance0(Native Method)
	at java.base/jdk.internal.reflect.NativeConstructorAccessorImpl.newInstance(NativeConstructorAccessorImpl.java:64)
	at java.base/jdk.internal.reflect.DelegatingConstructorAccessorImpl.newInstance(DelegatingConstructorAccessorImpl.java:45)
	at java.base/java.lang.reflect.Constructor.newInstanceWithCaller(Constructor.java:500)
	at java.base/java.lang.reflect.Constructor.newInstance(Constructor.java:481)
	at org.openqa.selenium.remote.http.W3CHttpResponseCodec.createException(W3CHttpResponseCodec.java:187)
	at org.openqa.selenium.remote.http.W3CHttpResponseCodec.decode(W3CHttpResponseCodec.java:122)
	at org.openqa.selenium.remote.http.W3CHttpResponseCodec.decode(W3CHttpResponseCodec.java:49)
	at org.openqa.selenium.remote.HttpCommandExecutor.execute(HttpCommandExecutor.java:160)
	at org.openqa.selenium.remote.service.DriverCommandExecutor.execute(DriverCommandExecutor.java:83)
	at org.openqa.selenium.remote.RemoteWebDriver.execute(RemoteWebDriver.java:601)
	at org.openqa.selenium.remote.RemoteWebElement.execute(RemoteWebElement.java:279)
	at org.openqa.selenium.remote.RemoteWebElement.click(RemoteWebElement.java:83)
	at java.base/jdk.internal.reflect.NativeMethodAccessorImpl.invoke0(Native Method)
	at java.base/jdk.internal.reflect.NativeMethodAccessorImpl.invoke(NativeMethodAccessorImpl.java:64)
	at java.base/jdk.internal.reflect.DelegatingMethodAccessorImpl.invoke(DelegatingMethodAccessorImpl.java:43)
	at java.base/java.lang.reflect.Method.invoke(Method.java:564)
	at org.openqa.selenium.support.pagefactory.internal.LocatingElementHandler.invoke(LocatingElementHandler.java:51)
	at com.sun.proxy.$Proxy9.click(Unknown Source)
	at com.crm.qa.pages.HomePage.clickonNewContact(HomePage.java:78)
	at com.crm.qa.testcases.ContactsPageTest.createnewcontactTest(ContactsPageTest.java:65)
	at java.base/jdk.internal.reflect.NativeMethodAccessorImpl.invoke0(Native Method)
	at java.base/jdk.internal.reflect.NativeMethodAccessorImpl.invoke(NativeMethodAccessorImpl.java:64)
	at java.base/jdk.internal.reflect.DelegatingMethodAccessorImpl.invoke(DelegatingMethodAccessorImpl.java:43)
	at java.base/java.lang.reflect.Method.invoke(Method.java:564)
	at org.testng.internal.MethodInvocationHelper.invokeMethod(MethodInvocationHelper.java:104)
	at org.testng.internal.Invoker.invokeMethod(Invoker.java:645)
	at org.testng.internal.Invoker.invokeTestMethod(Invoker.java:851)
	at org.testng.internal.Invoker.invokeTestMethods(Invoker.java:1177)
	at org.testng.internal.TestMethodWorker.invokeTestMethods(TestMethodWorker.java:129)
	at org.testng.internal.TestMethodWorker.run(TestMethodWorker.java:112)
	at org.testng.TestRunner.privateRun(TestRunner.java:756)
	at org.testng.TestRunner.run(TestRunner.java:610)
	at org.testng.SuiteRunner.runTest(SuiteRunner.java:387)
	at org.testng.SuiteRunner.runSequentially(SuiteRunner.java:382)
	at org.testng.SuiteRunner.privateRun(SuiteRunner.java:340)
	at org.testng.SuiteRunner.run(SuiteRunner.java:289)
	at org.testng.SuiteRunnerWorker.runSuite(SuiteRunnerWorker.java:52)
	at org.testng.SuiteRunnerWorker.run(SuiteRunnerWorker.java:86)
	at org.testng.TestNG.runSuitesSequentially(TestNG.java:1293)
	at org.testng.TestNG.runSuitesLocally(TestNG.java:1218)
	at org.testng.TestNG.runSuites(TestNG.java:1133)
	at org.testng.TestNG.run(TestNG.java:1104)
	at org.apache.maven.surefire.testng.TestNGExecutor.run(TestNGExecutor.java:77)
	at org.apache.maven.surefire.testng.TestNGDirectoryTestSuite.executeMulti(TestNGDirectoryTestSuite.java:159)
	at org.apache.maven.surefire.testng.TestNGDirectoryTestSuite.execute(TestNGDirectoryTestSuite.java:99)
	at org.apache.maven.surefire.testng.TestNGProvider.invoke(TestNGProvider.java:106)
	at java.base/jdk.internal.reflect.NativeMethodAccessorImpl.invoke0(Native Method)
	at java.base/jdk.internal.reflect.NativeMethodAccessorImpl.invoke(NativeMethodAccessorImpl.java:64)
	at java.base/jdk.internal.reflect.DelegatingMethodAccessorImpl.invoke(DelegatingMethodAccessorImpl.java:43)
	at java.base/java.lang.reflect.Method.invoke(Method.java:564)
	at org.apache.maven.surefire.util.ReflectionUtils.invokeMethodWithArray(ReflectionUtils.java:189)
	at org.apache.maven.surefire.booter.ProviderFactory$ProviderProxy.invoke(ProviderFactory.java:165)
	at org.apache.maven.surefire.booter.ProviderFactory.invokeProvider(ProviderFactory.java:85)
	at org.apache.maven.surefire.booter.ForkedBooter.runSuitesInProcess(ForkedBooter.java:115)
	at org.apache.maven.surefire.booter.ForkedBooter.main(ForkedBooter.java:75)
]]>
            </full-stacktrace>
          </exception> <!-- org.openqa.selenium.ElementNotInteractableException -->
          <reporter-output>
          </reporter-output>
        </test-method> <!-- createnewcontactTest -->
        <test-method is-config="true" signature="closebrowser()[pri:0, instance:com.crm.qa.testcases.ContactsPageTest@9a7504c]" started-at="2021-09-01T15:58:49Z" name="closebrowser" finished-at="2021-09-01T15:58:50Z" duration-ms="845" status="PASS">
          <reporter-output>
          </reporter-output>
        </test-method> <!-- closebrowser -->
      </class> <!-- com.crm.qa.testcases.ContactsPageTest -->
      <class name="com.crm.qa.testcases.LoginPageTest">
        <test-method is-config="true" signature="setup()[pri:0, instance:com.crm.qa.testcases.LoginPageTest@587d1d39]" started-at="2021-09-01T15:56:27Z" name="setup" finished-at="2021-09-01T15:56:38Z" duration-ms="10688" status="PASS">
          <reporter-output>
          </reporter-output>
        </test-method> <!-- setup -->
        <test-method signature="loginPageTitleTest()[pri:1, instance:com.crm.qa.testcases.LoginPageTest@587d1d39]" started-at="2021-09-01T15:56:38Z" name="loginPageTitleTest" finished-at="2021-09-01T15:56:38Z" duration-ms="80" status="PASS">
          <reporter-output>
          </reporter-output>
        </test-method> <!-- loginPageTitleTest -->
        <test-method is-config="true" signature="closebrowser()[pri:0, instance:com.crm.qa.testcases.LoginPageTest@587d1d39]" started-at="2021-09-01T15:56:38Z" name="closebrowser" finished-at="2021-09-01T15:56:39Z" duration-ms="889" status="PASS">
          <reporter-output>
          </reporter-output>
        </test-method> <!-- closebrowser -->
        <test-method is-config="true" signature="setup()[pri:0, instance:com.crm.qa.testcases.LoginPageTest@587d1d39]" started-at="2021-09-01T15:57:15Z" name="setup" finished-at="2021-09-01T15:57:23Z" duration-ms="8155" status="PASS">
          <reporter-output>
          </reporter-output>
        </test-method> <!-- setup -->
        <test-method signature="crmlogoimgtest()[pri:2, instance:com.crm.qa.testcases.LoginPageTest@587d1d39]" started-at="2021-09-01T15:57:23Z" name="crmlogoimgtest" finished-at="2021-09-01T15:57:23Z" duration-ms="115" status="PASS">
          <reporter-output>
          </reporter-output>
        </test-method> <!-- crmlogoimgtest -->
        <test-method is-config="true" signature="closebrowser()[pri:0, instance:com.crm.qa.testcases.LoginPageTest@587d1d39]" started-at="2021-09-01T15:57:23Z" name="closebrowser" finished-at="2021-09-01T15:57:24Z" duration-ms="821" status="PASS">
          <reporter-output>
          </reporter-output>
        </test-method> <!-- closebrowser -->
        <test-method is-config="true" signature="setup()[pri:0, instance:com.crm.qa.testcases.LoginPageTest@587d1d39]" started-at="2021-09-01T15:58:03Z" name="setup" finished-at="2021-09-01T15:58:12Z" duration-ms="9312" status="PASS">
          <reporter-output>
          </reporter-output>
        </test-method> <!-- setup -->
        <test-method signature="logintest()[pri:3, instance:com.crm.qa.testcases.LoginPageTest@587d1d39]" started-at="2021-09-01T15:58:12Z" name="logintest" finished-at="2021-09-01T15:58:19Z" duration-ms="6528" status="PASS">
          <reporter-output>
          </reporter-output>
        </test-method> <!-- logintest -->
        <test-method is-config="true" signature="closebrowser()[pri:0, instance:com.crm.qa.testcases.LoginPageTest@587d1d39]" started-at="2021-09-01T15:58:19Z" name="closebrowser" finished-at="2021-09-01T15:58:20Z" duration-ms="778" status="PASS">
          <reporter-output>
          </reporter-output>
        </test-method> <!-- closebrowser -->
      </class> <!-- com.crm.qa.testcases.LoginPageTest -->
    </test> <!-- Command line test -->
  </suite> <!-- Command line suite -->
</testng-results>
