<?xml version="1.0" encoding="UTF-8"?>
<testng-results skipped="0" failed="0" ignored="2" total="3" passed="1">
  <reporter-output>
  </reporter-output>
  <suite name="Default suite" duration-ms="76726" started-at="2021-09-03T06:30:36Z" finished-at="2021-09-03T06:31:52Z">
    <groups>
    </groups>
    <test name="Default test" duration-ms="76726" started-at="2021-09-03T06:30:36Z" finished-at="2021-09-03T06:31:52Z">
      <class name="com.crm.qa.testcases.ContactsPageTest">
        <test-method status="PASS" signature="setup()[pri:0, instance:com.crm.qa.testcases.ContactsPageTest@25b485ba]" name="setup" is-config="true" duration-ms="74440" started-at="2021-09-03T12:00:36Z" finished-at="2021-09-03T12:01:50Z">
          <reporter-output>
          </reporter-output>
        </test-method> <!-- setup -->
        <test-method status="PASS" signature="ContactsLabelTest()[pri:1, instance:com.crm.qa.testcases.ContactsPageTest@25b485ba]" name="ContactsLabelTest" duration-ms="286" started-at="2021-09-03T12:01:50Z" finished-at="2021-09-03T12:01:50Z">
          <reporter-output>
          </reporter-output>
        </test-method> <!-- ContactsLabelTest -->
        <test-method status="PASS" signature="closebrowser()[pri:0, instance:com.crm.qa.testcases.ContactsPageTest@25b485ba]" name="closebrowser" is-config="true" duration-ms="1902" started-at="2021-09-03T12:01:50Z" finished-at="2021-09-03T12:01:52Z">
          <reporter-output>
          </reporter-output>
        </test-method> <!-- closebrowser -->
      </class> <!-- com.crm.qa.testcases.ContactsPageTest -->
    </test> <!-- Default test -->
  </suite> <!-- Default suite -->
</testng-results>
