<?xml version="1.0" encoding="UTF-8"?>
<testng-results skipped="0" failed="0" ignored="3" total="4" passed="1">
  <reporter-output>
  </reporter-output>
  <suite name="Default suite" duration-ms="68374" started-at="2021-09-01T14:23:59Z" finished-at="2021-09-01T14:25:07Z">
    <groups>
    </groups>
    <test name="Default test" duration-ms="68374" started-at="2021-09-01T14:23:59Z" finished-at="2021-09-01T14:25:07Z">
      <class name="com.crm.qa.testcases.ContactsPageTest">
        <test-method status="PASS" signature="setup()[pri:0, instance:com.crm.qa.testcases.ContactsPageTest@25b485ba]" name="setup" is-config="true" duration-ms="61511" started-at="2021-09-01T19:53:59Z" finished-at="2021-09-01T19:55:01Z">
          <reporter-output>
          </reporter-output>
        </test-method> <!-- setup -->
        <test-method status="PASS" signature="selectcontactTest()[pri:2, instance:com.crm.qa.testcases.ContactsPageTest@25b485ba]" name="selectcontactTest" duration-ms="382" started-at="2021-09-01T19:55:01Z" finished-at="2021-09-01T19:55:01Z">
          <reporter-output>
          </reporter-output>
        </test-method> <!-- selectcontactTest -->
        <test-method status="PASS" signature="closebrowser()[pri:0, instance:com.crm.qa.testcases.ContactsPageTest@25b485ba]" name="closebrowser" is-config="true" duration-ms="6278" started-at="2021-09-01T19:55:01Z" finished-at="2021-09-01T19:55:07Z">
          <reporter-output>
          </reporter-output>
        </test-method> <!-- closebrowser -->
      </class> <!-- com.crm.qa.testcases.ContactsPageTest -->
    </test> <!-- Default test -->
  </suite> <!-- Default suite -->
</testng-results>
